54
1471 32275
1848 33439
2482 29082
2552 37741
4866 30295
6280 37045
6391 36631
6454 33375
6891 37875
7033 37688
8279 35391
9626 41524
10045 36755
11479 46121
12079 48592
12285 44007
12816 47192
12941 41808
13193 33072
13891 45646
14124 43451
14150 28400
14671 48077
15000 39421
16301 41812
16399 45233
16810 35782
17031 42367
17798 37073
18170 49923
18204 41199
18342 46589
18558 39796
18647 41079
18858 38191
18978 44139
20142 39343
20157 40618
22035 37787
23208 29860
23258 30447
23348 39103
24323 40372
24746 37654
25576 33472
25642 31283
25821 39493
25837 46166
25954 36865
26173 33790
26347 47524
26585 48404
27595 38667
28259 37796
