81
93356 93455
93360 93453
93362 93458
93367 93466
93371 93464
93373 93462
93376 93465
93376 93476
93378 93464
93380 93457
93381 93471
93384 93459
93386 93455
93388 93451
93391 93483
93393 93463
93394 93451
93398 93454
93401 93460
93402 93476
93402 93492
93403 93468
93404 93464
93404 93467
93405 93492
93405 93502
93406 93500
93407 93498
93407 93500
93409 93477
93410 93507
93411 93467
93412 93465
93412 93475
93412 93484
93413 93477
93413 93496
93415 93469
93418 93466
93420 93476
93420 93495
93421 93462
93422 93506
93423 93486
93424 93457
93426 93451
93428 93495
93429 93494
93429 93495
93430 93524
93431 93467
93432 93530
93433 93452
93433 93457
93436 93453
93436 93503
93436 93508
93438 93478
93438 93490
93438 93536
93439 93473
93439 93538
93440 93452
93440 93462
93440 93465
93440 93476
93440 93501
93440 93519
93441 93520
93441 93527
93442 93499
93443 93481
93444 93489
93445 93532
93446 93473
93446 93509
93447 93519
93447 93527
93448 93537
93450 93452
93450 93482
